\BOOKMARK [0][-]{chapter*.1}{Specification}{}% 1
\BOOKMARK [0][-]{chapter*.2}{Abstract}{}% 2
\BOOKMARK [0][-]{toc.0}{Table of Contents}{}% 3
\BOOKMARK [0][-]{chapter.1}{Introduction}{}% 4
\BOOKMARK [0][-]{chapter.2}{Background Research}{}% 5
\BOOKMARK [1][-]{section.2.1}{Introduction}{chapter.2}% 6
\BOOKMARK [1][-]{section.2.2}{Trust and reputation}{chapter.2}% 7
\BOOKMARK [1][-]{section.2.3}{Reputation algorithms}{chapter.2}% 8
\BOOKMARK [2][-]{subsection.2.3.1}{TrustRank}{section.2.3}% 9
\BOOKMARK [2][-]{subsection.2.3.2}{Trust-aware recommenders}{section.2.3}% 10
\BOOKMARK [1][-]{section.2.4}{Case studies}{chapter.2}% 11
\BOOKMARK [2][-]{subsection.2.4.1}{Stack Exchange \205 An activity based approach}{section.2.4}% 12
\BOOKMARK [2][-]{subsection.2.4.2}{eBay \205 A feedback-based approach}{section.2.4}% 13
\BOOKMARK [2][-]{subsection.2.4.3}{Klout \205 A measure of influence}{section.2.4}% 14
\BOOKMARK [1][-]{section.2.5}{Conclusion}{chapter.2}% 15
\BOOKMARK [0][-]{chapter.3}{Creating a generic model of user reputation for the social web}{}% 16
\BOOKMARK [1][-]{section.3.1}{The producer-consumer model}{chapter.3}% 17
\BOOKMARK [1][-]{section.3.2}{The collaboration event}{chapter.3}% 18
\BOOKMARK [1][-]{section.3.3}{Building the collaboration graph}{chapter.3}% 19
\BOOKMARK [1][-]{section.3.4}{Computing reputation}{chapter.3}% 20
\BOOKMARK [2][-]{subsection.3.4.1}{Weighted Sum}{section.3.4}% 21
\BOOKMARK [2][-]{subsection.3.4.2}{PageRank}{section.3.4}% 22
\BOOKMARK [1][-]{section.3.5}{Conclusion}{chapter.3}% 23
\BOOKMARK [0][-]{chapter.4}{Design \046 Implementation}{}% 24
\BOOKMARK [1][-]{section.4.1}{Project structure}{chapter.4}% 25
\BOOKMARK [1][-]{section.4.2}{Development tools}{chapter.4}% 26
\BOOKMARK [1][-]{section.4.3}{Obtaining the data}{chapter.4}% 27
\BOOKMARK [2][-]{subsection.4.3.1}{Processing users}{section.4.3}% 28
\BOOKMARK [2][-]{subsection.4.3.2}{Processing posts}{section.4.3}% 29
\BOOKMARK [2][-]{subsection.4.3.3}{Building the graph}{section.4.3}% 30
\BOOKMARK [1][-]{section.4.4}{Computing reputation scores}{chapter.4}% 31
\BOOKMARK [0][-]{chapter.5}{Testing \046 Evaluation}{}% 32
\BOOKMARK [1][-]{section.5.1}{The datasets}{chapter.5}% 33
\BOOKMARK [1][-]{section.5.2}{Methodology}{chapter.5}% 34
\BOOKMARK [1][-]{section.5.3}{Analysis}{chapter.5}% 35
\BOOKMARK [2][-]{subsection.5.3.1}{Evaluating performance}{section.5.3}% 36
\BOOKMARK [2][-]{subsection.5.3.2}{Correlation analysis}{section.5.3}% 37
\BOOKMARK [2][-]{subsection.5.3.3}{Conclusion}{section.5.3}% 38
\BOOKMARK [1][-]{section.5.4}{Coverage}{chapter.5}% 39
\BOOKMARK [0][-]{chapter.6}{Conclusions \046 Future Work}{}% 40
\BOOKMARK [1][-]{section.6.1}{Fulfilment of project goals}{chapter.6}% 41
\BOOKMARK [2][-]{subsection.6.1.1}{Mandatory goals}{section.6.1}% 42
\BOOKMARK [2][-]{subsection.6.1.2}{Discretionary goals}{section.6.1}% 43
\BOOKMARK [2][-]{subsection.6.1.3}{Exceptional goals}{section.6.1}% 44
\BOOKMARK [1][-]{section.6.2}{Conclusions}{chapter.6}% 45
\BOOKMARK [1][-]{section.6.3}{Learning outcome}{chapter.6}% 46
\BOOKMARK [1][-]{section.6.4}{Failings}{chapter.6}% 47
\BOOKMARK [1][-]{section.6.5}{Future work}{chapter.6}% 48
